<?xml version="1.0" encoding="utf-8"?><testsuites name="pytest tests"><testsuite name="pytest" errors="0" failures="0" skipped="0" tests="15" time="2.973" timestamp="2026-01-13T18:46:06.549860+00:00" hostname="agent-env-d4c48ed1-4569-4a6a-a0f1-ec05eab004c2"><testcase classname="tests.test_backend_api.TestHealthAndRoot" name="test_api_root" time="0.077" /><testcase classname="tests.test_backend_api.TestAuth" name="test_auth_me_with_valid_token" time="0.039" /><testcase classname="tests.test_backend_api.TestAuth" name="test_auth_me_without_token" time="0.041" /><testcase classname="tests.test_backend_api.TestSettings" name="test_get_settings" time="0.035" /><testcase classname="tests.test_backend_api.TestSettings" name="test_update_settings" time="0.050" /><testcase classname="tests.test_backend_api.TestSettings" name="test_add_email_to_whitelist" time="0.044" /><testcase classname="tests.test_backend_api.TestSettings" name="test_remove_email_from_whitelist" time="0.032" /><testcase classname="tests.test_backend_api.TestSheetsData" name="test_get_branches" time="0.033" /><testcase classname="tests.test_backend_api.TestSheetsData" name="test_get_sales_data_kumarapalayam" time="0.382" /><testcase classname="tests.test_backend_api.TestSheetsData" name="test_get_sales_data_with_search" time="0.304" /><testcase classname="tests.test_backend_api.TestSheetsData" name="test_get_executives" time="0.312" /><testcase classname="tests.test_backend_api.TestSheetsData" name="test_get_stock_data" time="0.255" /><testcase classname="tests.test_backend_api.TestSheetsData" name="test_get_service_data" time="0.283" /><testcase classname="tests.test_backend_api.TestServiceReports" name="test_get_service_reports" time="0.039" /><testcase classname="tests.test_backend_api.TestBranchSwitching" name="test_sales_data_different_branches" time="0.969" /></testsuite></testsuites>