<?xml version="1.0" encoding="utf-8"?><testsuites name="pytest tests"><testsuite name="pytest" errors="0" failures="0" skipped="0" tests="15" time="5.092" timestamp="2026-01-14T12:33:52.622770+00:00" hostname="agent-env-23ad4253-8473-4fa0-94e6-7aff133911ad"><testcase classname="tests.test_backend_api.TestHealthAndRoot" name="test_api_root" time="0.082" /><testcase classname="tests.test_backend_api.TestAuth" name="test_auth_me_with_valid_token" time="0.046" /><testcase classname="tests.test_backend_api.TestAuth" name="test_auth_me_without_token" time="0.039" /><testcase classname="tests.test_backend_api.TestBranches" name="test_get_branches" time="0.046" /><testcase classname="tests.test_backend_api.TestStockData" name="test_stock_data_bhavani" time="0.540" /><testcase classname="tests.test_backend_api.TestStockData" name="test_stock_data_kumarapalayam" time="0.350" /><testcase classname="tests.test_backend_api.TestStockData" name="test_stock_data_anthiyur" time="0.780" /><testcase classname="tests.test_backend_api.TestStockData" name="test_stock_data_kavindapadi" time="0.833" /><testcase classname="tests.test_backend_api.TestStockData" name="test_stock_data_ammapettai" time="0.386" /><testcase classname="tests.test_backend_api.TestEnquiryData" name="test_enquiry_data_bhavani" time="0.316" /><testcase classname="tests.test_backend_api.TestEnquiryData" name="test_enquiry_data_kumarapalayam" time="0.297" /><testcase classname="tests.test_backend_api.TestBookingsData" name="test_bookings_data_bhavani" time="0.308" /><testcase classname="tests.test_backend_api.TestBookingsData" name="test_bookings_data_kumarapalayam" time="0.312" /><testcase classname="tests.test_backend_api.TestSalesData" name="test_sales_data_bhavani" time="0.359" /><testcase classname="tests.test_backend_api.TestSalesData" name="test_sales_data_kumarapalayam" time="0.303" /></testsuite></testsuites>